0 info it worked if it ends with ok
1 verbose cli [ '/Users/johnjohnson/.nvm/versions/node/v6.10.1/bin/node',
1 verbose cli   '/Users/johnjohnson/.nvm/versions/node/v6.10.1/bin/npm',
1 verbose cli   'run',
1 verbose cli   'test' ]
2 info using npm@3.10.10
3 info using node@v6.10.1
4 verbose run-script [ 'pretest', 'test', 'posttest' ]
5 info lifecycle greenlet@0.1.2~pretest: greenlet@0.1.2
6 silly lifecycle greenlet@0.1.2~pretest: no script for pretest, continuing
7 info lifecycle greenlet@0.1.2~test: greenlet@0.1.2
8 verbose lifecycle greenlet@0.1.2~test: unsafe-perm in lifecycle true
9 verbose lifecycle greenlet@0.1.2~test: PATH: /Users/johnjohnson/.nvm/versions/node/v6.10.1/lib/node_modules/npm/bin/node-gyp-bin:/Users/johnjohnson/Documents/code/javascript/bins/greenlet-test/greenlet-fork/greenlet/node_modules/.bin:/Users/johnjohnson/.nvm/versions/node/v6.10.1/bin:/Applications/CMake.app/Contents/bin:/usr/local/bin:/usr/bin:/bin:/usr/sbin:/sbin:/Library/TeX/texbin:/usr/local/share/dotnet:/opt/X11/bin:/Library/Frameworks/Mono.framework/Versions/Current/Commands:/Applications/Wireshark.app/Contents/MacOS:/Applications/CMake.app/Contents/bin:/usr/local/share/scala/scala-2.12.1/bin:/Users/johnjohnson/bin:/usr/local/share/scala/scala-2.12.1/bin:/Users/johnjohnson/bin
10 verbose lifecycle greenlet@0.1.2~test: CWD: /Users/johnjohnson/Documents/code/javascript/bins/greenlet-test/greenlet-fork/greenlet
11 silly lifecycle greenlet@0.1.2~test: Args: [ '-c', 'eslint *.js && npm run -s prepare && karmatic' ]
12 silly lifecycle greenlet@0.1.2~test: Returned: code: 1  signal: null
13 info lifecycle greenlet@0.1.2~test: Failed to exec test script
14 verbose stack Error: greenlet@0.1.2 test: `eslint *.js && npm run -s prepare && karmatic`
14 verbose stack Exit status 1
14 verbose stack     at EventEmitter.<anonymous> (/Users/johnjohnson/.nvm/versions/node/v6.10.1/lib/node_modules/npm/lib/utils/lifecycle.js:255:16)
14 verbose stack     at emitTwo (events.js:106:13)
14 verbose stack     at EventEmitter.emit (events.js:191:7)
14 verbose stack     at ChildProcess.<anonymous> (/Users/johnjohnson/.nvm/versions/node/v6.10.1/lib/node_modules/npm/lib/utils/spawn.js:40:14)
14 verbose stack     at emitTwo (events.js:106:13)
14 verbose stack     at ChildProcess.emit (events.js:191:7)
14 verbose stack     at maybeClose (internal/child_process.js:886:16)
14 verbose stack     at Process.ChildProcess._handle.onexit (internal/child_process.js:226:5)
15 verbose pkgid greenlet@0.1.2
16 verbose cwd /Users/johnjohnson/Documents/code/javascript/bins/greenlet-test/greenlet-fork/greenlet
17 error Darwin 17.3.0
18 error argv "/Users/johnjohnson/.nvm/versions/node/v6.10.1/bin/node" "/Users/johnjohnson/.nvm/versions/node/v6.10.1/bin/npm" "run" "test"
19 error node v6.10.1
20 error npm  v3.10.10
21 error code ELIFECYCLE
22 error greenlet@0.1.2 test: `eslint *.js && npm run -s prepare && karmatic`
22 error Exit status 1
23 error Failed at the greenlet@0.1.2 test script 'eslint *.js && npm run -s prepare && karmatic'.
23 error Make sure you have the latest version of node.js and npm installed.
23 error If you do, this is most likely a problem with the greenlet package,
23 error not with npm itself.
23 error Tell the author that this fails on your system:
23 error     eslint *.js && npm run -s prepare && karmatic
23 error You can get information on how to open an issue for this project with:
23 error     npm bugs greenlet
23 error Or if that isn't available, you can get their info via:
23 error     npm owner ls greenlet
23 error There is likely additional logging output above.
24 verbose exit [ 1, true ]
